<?xml version="1.0" encoding="UTF-8"?>
<!-- Generated by org.testng.reporters.JUnitXMLReporter -->
<testsuite ignored="0" hostname="NASIR-S-LTP" failures="0" tests="17" name="RegressionSuite" time="6.167" errors="0" timestamp="2022-07-04T12:40:59 PKT">
  <testcase classname="tests.BaseTest" name="@BeforeMethod setup" time="2.113">
    <failure type="org.openqa.selenium.SessionNotCreatedException" message="session not created: This version of ChromeDriver only supports Chrome version 101
Current browser version is 103.0.5060.66 with binary path C:\Program Files\Google\Chrome\Application\chrome.exe
Build info: version: &amp;apos;3.141.59&amp;apos;, revision: &amp;apos;e82be7d358&amp;apos;, time: &amp;apos;2018-11-14T08:17:03&amp;apos;
System info: host: &amp;apos;NASIR-S-LTP&amp;apos;, ip: &amp;apos;192.168.10.17&amp;apos;, os.name: &amp;apos;Windows 10&amp;apos;, os.arch: &amp;apos;amd64&amp;apos;, os.version: &amp;apos;10.0&amp;apos;, java.version: &amp;apos;17.0.1&amp;apos;
Driver info: driver.version: ChromeDriver
remote stacktrace: Backtrace:
	Ordinal0 [0x00ABB8F3+2406643]
	Ordinal0 [0x00A4AF31+1945393]
	Ordinal0 [0x0093C748+837448]
	Ordinal0 [0x0095C8B3+968883]
	Ordinal0 [0x009584BA+951482]
	Ordinal0 [0x00955D71+941425]
	Ordinal0 [0x00988EE0+1150688]
	Ordinal0 [0x00988B3A+1149754]
	Ordinal0 [0x00984096+1130646]
	Ordinal0 [0x0095E636+976438]
	Ordinal0 [0x0095F546+980294]
	GetHandleVerifier [0x00D29612+2498066]
	GetHandleVerifier [0x00D1C920+2445600]
	GetHandleVerifier [0x00B54F2A+579370]
	GetHandleVerifier [0x00B53D36+574774]
	Ordinal0 [0x00A51C0B+1973259]
	Ordinal0 [0x00A56688+1992328]
	Ordinal0 [0x00A56775+1992565]
	Ordinal0 [0x00A5F8D1+2029777]
	BaseThreadInitThunk [0x753EFA29+25]
	RtlGetAppContainerNamedObjectPath [0x77567A7E+286]
	RtlGetAppContainerNamedObjectPath [0x77567A4E+238]
">
      <![CDATA[org.openqa.selenium.SessionNotCreatedException: session not created: This version of ChromeDriver only supports Chrome version 101
Current browser version is 103.0.5060.66 with binary path C:\Program Files\Google\Chrome\Application\chrome.exe
Build info: version: '3.141.59', revision: 'e82be7d358', time: '2018-11-14T08:17:03'
System info: host: 'NASIR-S-LTP', ip: '192.168.10.17', os.name: 'Windows 10', os.arch: 'amd64', os.version: '10.0', java.version: '17.0.1'
Driver info: driver.version: ChromeDriver
remote stacktrace: Backtrace:
Ordinal0 [0x00ABB8F3+2406643]
Ordinal0 [0x00A4AF31+1945393]
Ordinal0 [0x0093C748+837448]
Ordinal0 [0x0095C8B3+968883]
Ordinal0 [0x009584BA+951482]
Ordinal0 [0x00955D71+941425]
Ordinal0 [0x00988EE0+1150688]
Ordinal0 [0x00988B3A+1149754]
Ordinal0 [0x00984096+1130646]
Ordinal0 [0x0095E636+976438]
Ordinal0 [0x0095F546+980294]
GetHandleVerifier [0x00D29612+2498066]
GetHandleVerifier [0x00D1C920+2445600]
GetHandleVerifier [0x00B54F2A+579370]
GetHandleVerifier [0x00B53D36+574774]
Ordinal0 [0x00A51C0B+1973259]
Ordinal0 [0x00A56688+1992328]
Ordinal0 [0x00A56775+1992565]
Ordinal0 [0x00A5F8D1+2029777]
BaseThreadInitThunk [0x753EFA29+25]
RtlGetAppContainerNamedObjectPath [0x77567A7E+286]
RtlGetAppContainerNamedObjectPath [0x77567A4E+238]

at org.openqa.selenium.remote.W3CHandshakeResponse.lambda$errorHandler$0(W3CHandshakeResponse.java:62)
at org.openqa.selenium.remote.HandshakeResponse.lambda$getResponseFunction$0(HandshakeResponse.java:30)
at org.openqa.selenium.remote.ProtocolHandshake.lambda$createSession$0(ProtocolHandshake.java:126)
at java.base/java.util.stream.ReferencePipeline$3$1.accept(ReferencePipeline.java:197)
at java.base/java.util.Spliterators$ArraySpliterator.tryAdvance(Spliterators.java:1002)
at java.base/java.util.stream.ReferencePipeline.forEachWithCancel(ReferencePipeline.java:129)
at java.base/java.util.stream.AbstractPipeline.copyIntoWithCancel(AbstractPipeline.java:527)
at java.base/java.util.stream.AbstractPipeline.copyInto(AbstractPipeline.java:513)
at java.base/java.util.stream.AbstractPipeline.wrapAndCopyInto(AbstractPipeline.java:499)
at java.base/java.util.stream.FindOps$FindOp.evaluateSequential(FindOps.java:150)
at java.base/java.util.stream.AbstractPipeline.evaluate(AbstractPipeline.java:234)
at java.base/java.util.stream.ReferencePipeline.findFirst(ReferencePipeline.java:647)
at org.openqa.selenium.remote.ProtocolHandshake.createSession(ProtocolHandshake.java:128)
at org.openqa.selenium.remote.ProtocolHandshake.createSession(ProtocolHandshake.java:74)
at org.openqa.selenium.remote.HttpCommandExecutor.execute(HttpCommandExecutor.java:136)
at org.openqa.selenium.remote.service.DriverCommandExecutor.execute(DriverCommandExecutor.java:83)
at org.openqa.selenium.remote.RemoteWebDriver.execute(RemoteWebDriver.java:552)
at org.openqa.selenium.remote.RemoteWebDriver.startSession(RemoteWebDriver.java:213)
at org.openqa.selenium.remote.RemoteWebDriver.<init>(RemoteWebDriver.java:131)
at org.openqa.selenium.chrome.ChromeDriver.<init>(ChromeDriver.java:181)
at org.openqa.selenium.chrome.ChromeDriver.<init>(ChromeDriver.java:168)
at org.openqa.selenium.chrome.ChromeDriver.<init>(ChromeDriver.java:123)
at tests.BaseTest.setup(BaseTest.java:33)
at java.base/java.util.ArrayList.forEach(ArrayList.java:1511)
... Removed 36 stack frames]]>
    </failure>
  </testcase> <!-- @BeforeMethod setup -->
  <testcase classname="tests.BaseTest" name="@AfterMethod teardown" time="-1.656920454971E9">
    <skipped/>
  </testcase> <!-- @AfterMethod teardown -->
  <testcase classname="tests.BaseTest" name="@BeforeMethod setup" time="-1.656920454976E9">
    <skipped/>
  </testcase> <!-- @BeforeMethod setup -->
  <testcase classname="tests.BaseTest" name="@AfterMethod teardown" time="-1.656920454985E9">
    <skipped/>
  </testcase> <!-- @AfterMethod teardown -->
  <testcase classname="tests.BaseTest" name="@BeforeMethod setup" time="-1.656920454987E9">
    <skipped/>
  </testcase> <!-- @BeforeMethod setup -->
  <testcase classname="tests.BaseTest" name="@AfterMethod teardown" time="-1.656920454999E9">
    <skipped/>
  </testcase> <!-- @AfterMethod teardown -->
  <testcase classname="tests.BaseTest" name="@BeforeMethod setup" time="-1.656920455001E9">
    <skipped/>
  </testcase> <!-- @BeforeMethod setup -->
  <testcase classname="tests.BaseTest" name="@AfterMethod teardown" time="-1.656920455005E9">
    <skipped/>
  </testcase> <!-- @AfterMethod teardown -->
  <testcase classname="tests.BaseTest" name="@BeforeMethod setup" time="1.347">
    <failure type="org.openqa.selenium.SessionNotCreatedException" message="session not created: This version of ChromeDriver only supports Chrome version 101
Current browser version is 103.0.5060.66 with binary path C:\Program Files\Google\Chrome\Application\chrome.exe
Build info: version: &amp;apos;3.141.59&amp;apos;, revision: &amp;apos;e82be7d358&amp;apos;, time: &amp;apos;2018-11-14T08:17:03&amp;apos;
System info: host: &amp;apos;NASIR-S-LTP&amp;apos;, ip: &amp;apos;192.168.10.17&amp;apos;, os.name: &amp;apos;Windows 10&amp;apos;, os.arch: &amp;apos;amd64&amp;apos;, os.version: &amp;apos;10.0&amp;apos;, java.version: &amp;apos;17.0.1&amp;apos;
Driver info: driver.version: ChromeDriver
remote stacktrace: Backtrace:
	Ordinal0 [0x00ABB8F3+2406643]
	Ordinal0 [0x00A4AF31+1945393]
	Ordinal0 [0x0093C748+837448]
	Ordinal0 [0x0095C8B3+968883]
	Ordinal0 [0x009584BA+951482]
	Ordinal0 [0x00955D71+941425]
	Ordinal0 [0x00988EE0+1150688]
	Ordinal0 [0x00988B3A+1149754]
	Ordinal0 [0x00984096+1130646]
	Ordinal0 [0x0095E636+976438]
	Ordinal0 [0x0095F546+980294]
	GetHandleVerifier [0x00D29612+2498066]
	GetHandleVerifier [0x00D1C920+2445600]
	GetHandleVerifier [0x00B54F2A+579370]
	GetHandleVerifier [0x00B53D36+574774]
	Ordinal0 [0x00A51C0B+1973259]
	Ordinal0 [0x00A56688+1992328]
	Ordinal0 [0x00A56775+1992565]
	Ordinal0 [0x00A5F8D1+2029777]
	BaseThreadInitThunk [0x753EFA29+25]
	RtlGetAppContainerNamedObjectPath [0x77567A7E+286]
	RtlGetAppContainerNamedObjectPath [0x77567A4E+238]
">
      <![CDATA[org.openqa.selenium.SessionNotCreatedException: session not created: This version of ChromeDriver only supports Chrome version 101
Current browser version is 103.0.5060.66 with binary path C:\Program Files\Google\Chrome\Application\chrome.exe
Build info: version: '3.141.59', revision: 'e82be7d358', time: '2018-11-14T08:17:03'
System info: host: 'NASIR-S-LTP', ip: '192.168.10.17', os.name: 'Windows 10', os.arch: 'amd64', os.version: '10.0', java.version: '17.0.1'
Driver info: driver.version: ChromeDriver
remote stacktrace: Backtrace:
Ordinal0 [0x00ABB8F3+2406643]
Ordinal0 [0x00A4AF31+1945393]
Ordinal0 [0x0093C748+837448]
Ordinal0 [0x0095C8B3+968883]
Ordinal0 [0x009584BA+951482]
Ordinal0 [0x00955D71+941425]
Ordinal0 [0x00988EE0+1150688]
Ordinal0 [0x00988B3A+1149754]
Ordinal0 [0x00984096+1130646]
Ordinal0 [0x0095E636+976438]
Ordinal0 [0x0095F546+980294]
GetHandleVerifier [0x00D29612+2498066]
GetHandleVerifier [0x00D1C920+2445600]
GetHandleVerifier [0x00B54F2A+579370]
GetHandleVerifier [0x00B53D36+574774]
Ordinal0 [0x00A51C0B+1973259]
Ordinal0 [0x00A56688+1992328]
Ordinal0 [0x00A56775+1992565]
Ordinal0 [0x00A5F8D1+2029777]
BaseThreadInitThunk [0x753EFA29+25]
RtlGetAppContainerNamedObjectPath [0x77567A7E+286]
RtlGetAppContainerNamedObjectPath [0x77567A4E+238]

at org.openqa.selenium.remote.W3CHandshakeResponse.lambda$errorHandler$0(W3CHandshakeResponse.java:62)
at org.openqa.selenium.remote.HandshakeResponse.lambda$getResponseFunction$0(HandshakeResponse.java:30)
at org.openqa.selenium.remote.ProtocolHandshake.lambda$createSession$0(ProtocolHandshake.java:126)
at java.base/java.util.stream.ReferencePipeline$3$1.accept(ReferencePipeline.java:197)
at java.base/java.util.Spliterators$ArraySpliterator.tryAdvance(Spliterators.java:1002)
at java.base/java.util.stream.ReferencePipeline.forEachWithCancel(ReferencePipeline.java:129)
at java.base/java.util.stream.AbstractPipeline.copyIntoWithCancel(AbstractPipeline.java:527)
at java.base/java.util.stream.AbstractPipeline.copyInto(AbstractPipeline.java:513)
at java.base/java.util.stream.AbstractPipeline.wrapAndCopyInto(AbstractPipeline.java:499)
at java.base/java.util.stream.FindOps$FindOp.evaluateSequential(FindOps.java:150)
at java.base/java.util.stream.AbstractPipeline.evaluate(AbstractPipeline.java:234)
at java.base/java.util.stream.ReferencePipeline.findFirst(ReferencePipeline.java:647)
at org.openqa.selenium.remote.ProtocolHandshake.createSession(ProtocolHandshake.java:128)
at org.openqa.selenium.remote.ProtocolHandshake.createSession(ProtocolHandshake.java:74)
at org.openqa.selenium.remote.HttpCommandExecutor.execute(HttpCommandExecutor.java:136)
at org.openqa.selenium.remote.service.DriverCommandExecutor.execute(DriverCommandExecutor.java:83)
at org.openqa.selenium.remote.RemoteWebDriver.execute(RemoteWebDriver.java:552)
at org.openqa.selenium.remote.RemoteWebDriver.startSession(RemoteWebDriver.java:213)
at org.openqa.selenium.remote.RemoteWebDriver.<init>(RemoteWebDriver.java:131)
at org.openqa.selenium.chrome.ChromeDriver.<init>(ChromeDriver.java:181)
at org.openqa.selenium.chrome.ChromeDriver.<init>(ChromeDriver.java:168)
at org.openqa.selenium.chrome.ChromeDriver.<init>(ChromeDriver.java:123)
at tests.BaseTest.setup(BaseTest.java:33)
at java.base/java.util.ArrayList.forEach(ArrayList.java:1511)
... Removed 36 stack frames]]>
    </failure>
  </testcase> <!-- @BeforeMethod setup -->
  <testcase classname="tests.BaseTest" name="@AfterMethod teardown" time="-1.656920456362E9">
    <skipped/>
  </testcase> <!-- @AfterMethod teardown -->
  <testcase classname="tests.BaseTest" name="@BeforeMethod setup" time="-1.656920456364E9">
    <skipped/>
  </testcase> <!-- @BeforeMethod setup -->
  <testcase classname="tests.BaseTest" name="@AfterMethod teardown" time="-1.656920456368E9">
    <skipped/>
  </testcase> <!-- @AfterMethod teardown -->
  <testcase classname="tests.BaseTest" name="@BeforeMethod setup" time="-1.656920456369E9">
    <skipped/>
  </testcase> <!-- @BeforeMethod setup -->
  <testcase classname="tests.BaseTest" name="@AfterMethod teardown" time="-1.656920456373E9">
    <skipped/>
  </testcase> <!-- @AfterMethod teardown -->
  <testcase classname="tests.BaseTest" name="@BeforeMethod setup" time="-1.656920456374E9">
    <skipped/>
  </testcase> <!-- @BeforeMethod setup -->
  <testcase classname="tests.BaseTest" name="@AfterMethod teardown" time="-1.656920456377E9">
    <skipped/>
  </testcase> <!-- @AfterMethod teardown -->
  <testcase classname="tests.BaseTest" name="@BeforeMethod setup" time="-1.656920456379E9">
    <skipped/>
  </testcase> <!-- @BeforeMethod setup -->
  <testcase classname="tests.BaseTest" name="@AfterMethod teardown" time="-1.656920456382E9">
    <skipped/>
  </testcase> <!-- @AfterMethod teardown -->
  <testcase classname="tests.BaseTest" name="@BeforeMethod setup" time="-1.656920456383E9">
    <skipped/>
  </testcase> <!-- @BeforeMethod setup -->
  <testcase classname="tests.BaseTest" name="@AfterMethod teardown" time="-1.656920456387E9">
    <skipped/>
  </testcase> <!-- @AfterMethod teardown -->
  <testcase classname="tests.BaseTest" name="@BeforeMethod setup" time="-1.656920456389E9">
    <skipped/>
  </testcase> <!-- @BeforeMethod setup -->
  <testcase classname="tests.BaseTest" name="@AfterMethod teardown" time="-1.656920456393E9">
    <skipped/>
  </testcase> <!-- @AfterMethod teardown -->
  <testcase classname="tests.BaseTest" name="@BeforeMethod setup" time="1.239">
    <failure type="org.openqa.selenium.SessionNotCreatedException" message="session not created: This version of ChromeDriver only supports Chrome version 101
Current browser version is 103.0.5060.66 with binary path C:\Program Files\Google\Chrome\Application\chrome.exe
Build info: version: &amp;apos;3.141.59&amp;apos;, revision: &amp;apos;e82be7d358&amp;apos;, time: &amp;apos;2018-11-14T08:17:03&amp;apos;
System info: host: &amp;apos;NASIR-S-LTP&amp;apos;, ip: &amp;apos;192.168.10.17&amp;apos;, os.name: &amp;apos;Windows 10&amp;apos;, os.arch: &amp;apos;amd64&amp;apos;, os.version: &amp;apos;10.0&amp;apos;, java.version: &amp;apos;17.0.1&amp;apos;
Driver info: driver.version: ChromeDriver
remote stacktrace: Backtrace:
	Ordinal0 [0x00ABB8F3+2406643]
	Ordinal0 [0x00A4AF31+1945393]
	Ordinal0 [0x0093C748+837448]
	Ordinal0 [0x0095C8B3+968883]
	Ordinal0 [0x009584BA+951482]
	Ordinal0 [0x00955D71+941425]
	Ordinal0 [0x00988EE0+1150688]
	Ordinal0 [0x00988B3A+1149754]
	Ordinal0 [0x00984096+1130646]
	Ordinal0 [0x0095E636+976438]
	Ordinal0 [0x0095F546+980294]
	GetHandleVerifier [0x00D29612+2498066]
	GetHandleVerifier [0x00D1C920+2445600]
	GetHandleVerifier [0x00B54F2A+579370]
	GetHandleVerifier [0x00B53D36+574774]
	Ordinal0 [0x00A51C0B+1973259]
	Ordinal0 [0x00A56688+1992328]
	Ordinal0 [0x00A56775+1992565]
	Ordinal0 [0x00A5F8D1+2029777]
	BaseThreadInitThunk [0x753EFA29+25]
	RtlGetAppContainerNamedObjectPath [0x77567A7E+286]
	RtlGetAppContainerNamedObjectPath [0x77567A4E+238]
">
      <![CDATA[org.openqa.selenium.SessionNotCreatedException: session not created: This version of ChromeDriver only supports Chrome version 101
Current browser version is 103.0.5060.66 with binary path C:\Program Files\Google\Chrome\Application\chrome.exe
Build info: version: '3.141.59', revision: 'e82be7d358', time: '2018-11-14T08:17:03'
System info: host: 'NASIR-S-LTP', ip: '192.168.10.17', os.name: 'Windows 10', os.arch: 'amd64', os.version: '10.0', java.version: '17.0.1'
Driver info: driver.version: ChromeDriver
remote stacktrace: Backtrace:
Ordinal0 [0x00ABB8F3+2406643]
Ordinal0 [0x00A4AF31+1945393]
Ordinal0 [0x0093C748+837448]
Ordinal0 [0x0095C8B3+968883]
Ordinal0 [0x009584BA+951482]
Ordinal0 [0x00955D71+941425]
Ordinal0 [0x00988EE0+1150688]
Ordinal0 [0x00988B3A+1149754]
Ordinal0 [0x00984096+1130646]
Ordinal0 [0x0095E636+976438]
Ordinal0 [0x0095F546+980294]
GetHandleVerifier [0x00D29612+2498066]
GetHandleVerifier [0x00D1C920+2445600]
GetHandleVerifier [0x00B54F2A+579370]
GetHandleVerifier [0x00B53D36+574774]
Ordinal0 [0x00A51C0B+1973259]
Ordinal0 [0x00A56688+1992328]
Ordinal0 [0x00A56775+1992565]
Ordinal0 [0x00A5F8D1+2029777]
BaseThreadInitThunk [0x753EFA29+25]
RtlGetAppContainerNamedObjectPath [0x77567A7E+286]
RtlGetAppContainerNamedObjectPath [0x77567A4E+238]

at org.openqa.selenium.remote.W3CHandshakeResponse.lambda$errorHandler$0(W3CHandshakeResponse.java:62)
at org.openqa.selenium.remote.HandshakeResponse.lambda$getResponseFunction$0(HandshakeResponse.java:30)
at org.openqa.selenium.remote.ProtocolHandshake.lambda$createSession$0(ProtocolHandshake.java:126)
at java.base/java.util.stream.ReferencePipeline$3$1.accept(ReferencePipeline.java:197)
at java.base/java.util.Spliterators$ArraySpliterator.tryAdvance(Spliterators.java:1002)
at java.base/java.util.stream.ReferencePipeline.forEachWithCancel(ReferencePipeline.java:129)
at java.base/java.util.stream.AbstractPipeline.copyIntoWithCancel(AbstractPipeline.java:527)
at java.base/java.util.stream.AbstractPipeline.copyInto(AbstractPipeline.java:513)
at java.base/java.util.stream.AbstractPipeline.wrapAndCopyInto(AbstractPipeline.java:499)
at java.base/java.util.stream.FindOps$FindOp.evaluateSequential(FindOps.java:150)
at java.base/java.util.stream.AbstractPipeline.evaluate(AbstractPipeline.java:234)
at java.base/java.util.stream.ReferencePipeline.findFirst(ReferencePipeline.java:647)
at org.openqa.selenium.remote.ProtocolHandshake.createSession(ProtocolHandshake.java:128)
at org.openqa.selenium.remote.ProtocolHandshake.createSession(ProtocolHandshake.java:74)
at org.openqa.selenium.remote.HttpCommandExecutor.execute(HttpCommandExecutor.java:136)
at org.openqa.selenium.remote.service.DriverCommandExecutor.execute(DriverCommandExecutor.java:83)
at org.openqa.selenium.remote.RemoteWebDriver.execute(RemoteWebDriver.java:552)
at org.openqa.selenium.remote.RemoteWebDriver.startSession(RemoteWebDriver.java:213)
at org.openqa.selenium.remote.RemoteWebDriver.<init>(RemoteWebDriver.java:131)
at org.openqa.selenium.chrome.ChromeDriver.<init>(ChromeDriver.java:181)
at org.openqa.selenium.chrome.ChromeDriver.<init>(ChromeDriver.java:168)
at org.openqa.selenium.chrome.ChromeDriver.<init>(ChromeDriver.java:123)
at tests.BaseTest.setup(BaseTest.java:33)
at java.base/java.util.ArrayList.forEach(ArrayList.java:1511)
... Removed 36 stack frames]]>
    </failure>
  </testcase> <!-- @BeforeMethod setup -->
  <testcase classname="tests.BaseTest" name="@AfterMethod teardown" time="-1.65692045764E9">
    <skipped/>
  </testcase> <!-- @AfterMethod teardown -->
  <testcase classname="tests.BaseTest" name="@BeforeMethod setup" time="-1.656920457641E9">
    <skipped/>
  </testcase> <!-- @BeforeMethod setup -->
  <testcase classname="tests.BaseTest" name="@AfterMethod teardown" time="-1.656920457645E9">
    <skipped/>
  </testcase> <!-- @AfterMethod teardown -->
  <testcase classname="tests.BaseTest" name="@BeforeMethod setup" time="-1.656920457647E9">
    <skipped/>
  </testcase> <!-- @BeforeMethod setup -->
  <testcase classname="tests.BaseTest" name="@AfterMethod teardown" time="-1.65692045765E9">
    <skipped/>
  </testcase> <!-- @AfterMethod teardown -->
  <testcase classname="tests.BaseTest" name="@BeforeMethod setup" time="1.296">
    <failure type="org.openqa.selenium.SessionNotCreatedException" message="session not created: This version of ChromeDriver only supports Chrome version 101
Current browser version is 103.0.5060.66 with binary path C:\Program Files\Google\Chrome\Application\chrome.exe
Build info: version: &amp;apos;3.141.59&amp;apos;, revision: &amp;apos;e82be7d358&amp;apos;, time: &amp;apos;2018-11-14T08:17:03&amp;apos;
System info: host: &amp;apos;NASIR-S-LTP&amp;apos;, ip: &amp;apos;192.168.10.17&amp;apos;, os.name: &amp;apos;Windows 10&amp;apos;, os.arch: &amp;apos;amd64&amp;apos;, os.version: &amp;apos;10.0&amp;apos;, java.version: &amp;apos;17.0.1&amp;apos;
Driver info: driver.version: ChromeDriver
remote stacktrace: Backtrace:
	Ordinal0 [0x00ABB8F3+2406643]
	Ordinal0 [0x00A4AF31+1945393]
	Ordinal0 [0x0093C748+837448]
	Ordinal0 [0x0095C8B3+968883]
	Ordinal0 [0x009584BA+951482]
	Ordinal0 [0x00955D71+941425]
	Ordinal0 [0x00988EE0+1150688]
	Ordinal0 [0x00988B3A+1149754]
	Ordinal0 [0x00984096+1130646]
	Ordinal0 [0x0095E636+976438]
	Ordinal0 [0x0095F546+980294]
	GetHandleVerifier [0x00D29612+2498066]
	GetHandleVerifier [0x00D1C920+2445600]
	GetHandleVerifier [0x00B54F2A+579370]
	GetHandleVerifier [0x00B53D36+574774]
	Ordinal0 [0x00A51C0B+1973259]
	Ordinal0 [0x00A56688+1992328]
	Ordinal0 [0x00A56775+1992565]
	Ordinal0 [0x00A5F8D1+2029777]
	BaseThreadInitThunk [0x753EFA29+25]
	RtlGetAppContainerNamedObjectPath [0x77567A7E+286]
	RtlGetAppContainerNamedObjectPath [0x77567A4E+238]
">
      <![CDATA[org.openqa.selenium.SessionNotCreatedException: session not created: This version of ChromeDriver only supports Chrome version 101
Current browser version is 103.0.5060.66 with binary path C:\Program Files\Google\Chrome\Application\chrome.exe
Build info: version: '3.141.59', revision: 'e82be7d358', time: '2018-11-14T08:17:03'
System info: host: 'NASIR-S-LTP', ip: '192.168.10.17', os.name: 'Windows 10', os.arch: 'amd64', os.version: '10.0', java.version: '17.0.1'
Driver info: driver.version: ChromeDriver
remote stacktrace: Backtrace:
Ordinal0 [0x00ABB8F3+2406643]
Ordinal0 [0x00A4AF31+1945393]
Ordinal0 [0x0093C748+837448]
Ordinal0 [0x0095C8B3+968883]
Ordinal0 [0x009584BA+951482]
Ordinal0 [0x00955D71+941425]
Ordinal0 [0x00988EE0+1150688]
Ordinal0 [0x00988B3A+1149754]
Ordinal0 [0x00984096+1130646]
Ordinal0 [0x0095E636+976438]
Ordinal0 [0x0095F546+980294]
GetHandleVerifier [0x00D29612+2498066]
GetHandleVerifier [0x00D1C920+2445600]
GetHandleVerifier [0x00B54F2A+579370]
GetHandleVerifier [0x00B53D36+574774]
Ordinal0 [0x00A51C0B+1973259]
Ordinal0 [0x00A56688+1992328]
Ordinal0 [0x00A56775+1992565]
Ordinal0 [0x00A5F8D1+2029777]
BaseThreadInitThunk [0x753EFA29+25]
RtlGetAppContainerNamedObjectPath [0x77567A7E+286]
RtlGetAppContainerNamedObjectPath [0x77567A4E+238]

at org.openqa.selenium.remote.W3CHandshakeResponse.lambda$errorHandler$0(W3CHandshakeResponse.java:62)
at org.openqa.selenium.remote.HandshakeResponse.lambda$getResponseFunction$0(HandshakeResponse.java:30)
at org.openqa.selenium.remote.ProtocolHandshake.lambda$createSession$0(ProtocolHandshake.java:126)
at java.base/java.util.stream.ReferencePipeline$3$1.accept(ReferencePipeline.java:197)
at java.base/java.util.Spliterators$ArraySpliterator.tryAdvance(Spliterators.java:1002)
at java.base/java.util.stream.ReferencePipeline.forEachWithCancel(ReferencePipeline.java:129)
at java.base/java.util.stream.AbstractPipeline.copyIntoWithCancel(AbstractPipeline.java:527)
at java.base/java.util.stream.AbstractPipeline.copyInto(AbstractPipeline.java:513)
at java.base/java.util.stream.AbstractPipeline.wrapAndCopyInto(AbstractPipeline.java:499)
at java.base/java.util.stream.FindOps$FindOp.evaluateSequential(FindOps.java:150)
at java.base/java.util.stream.AbstractPipeline.evaluate(AbstractPipeline.java:234)
at java.base/java.util.stream.ReferencePipeline.findFirst(ReferencePipeline.java:647)
at org.openqa.selenium.remote.ProtocolHandshake.createSession(ProtocolHandshake.java:128)
at org.openqa.selenium.remote.ProtocolHandshake.createSession(ProtocolHandshake.java:74)
at org.openqa.selenium.remote.HttpCommandExecutor.execute(HttpCommandExecutor.java:136)
at org.openqa.selenium.remote.service.DriverCommandExecutor.execute(DriverCommandExecutor.java:83)
at org.openqa.selenium.remote.RemoteWebDriver.execute(RemoteWebDriver.java:552)
at org.openqa.selenium.remote.RemoteWebDriver.startSession(RemoteWebDriver.java:213)
at org.openqa.selenium.remote.RemoteWebDriver.<init>(RemoteWebDriver.java:131)
at org.openqa.selenium.chrome.ChromeDriver.<init>(ChromeDriver.java:181)
at org.openqa.selenium.chrome.ChromeDriver.<init>(ChromeDriver.java:168)
at org.openqa.selenium.chrome.ChromeDriver.<init>(ChromeDriver.java:123)
at tests.BaseTest.setup(BaseTest.java:33)
at java.base/java.util.ArrayList.forEach(ArrayList.java:1511)
... Removed 36 stack frames]]>
    </failure>
  </testcase> <!-- @BeforeMethod setup -->
  <testcase classname="tests.BaseTest" name="@AfterMethod teardown" time="-1.656920458951E9">
    <skipped/>
  </testcase> <!-- @AfterMethod teardown -->
  <testcase classname="tests.BaseTest" name="@BeforeMethod setup" time="-1.656920458952E9">
    <skipped/>
  </testcase> <!-- @BeforeMethod setup -->
  <testcase classname="tests.BaseTest" name="@AfterMethod teardown" time="-1.656920458954E9">
    <skipped/>
  </testcase> <!-- @AfterMethod teardown -->
  <testcase classname="tests.BaseTest" name="@BeforeMethod setup" time="-1.656920458955E9">
    <skipped/>
  </testcase> <!-- @BeforeMethod setup -->
  <testcase classname="tests.BaseTest" name="@AfterMethod teardown" time="-1.656920458958E9">
    <skipped/>
  </testcase> <!-- @AfterMethod teardown -->
  <testcase classname="tests.LoginTestCases" name="Valid_Login_To_AMS" time="0.0">
    <skipped/>
  </testcase> <!-- Valid_Login_To_AMS -->
  <testcase classname="tests.LoginTestCases" name="Empty_Login_To_AMS" time="0.0">
    <skipped/>
  </testcase> <!-- Empty_Login_To_AMS -->
  <testcase classname="tests.LoginTestCases" name="UserName_EmptyPassword" time="0.0">
    <skipped/>
  </testcase> <!-- UserName_EmptyPassword -->
  <testcase classname="tests.LoginTestCases" name="EmptyUserName_PasswordFill" time="0.0">
    <skipped/>
  </testcase> <!-- EmptyUserName_PasswordFill -->
  <testcase classname="tests.CRUDTests" name="addNewItem" time="0.0">
    <skipped/>
  </testcase> <!-- addNewItem -->
  <testcase classname="tests.CRUDTests" name="checkOut" time="0.0">
    <skipped/>
  </testcase> <!-- checkOut -->
  <testcase classname="tests.CRUDTests" name="checkIn" time="0.0">
    <skipped/>
  </testcase> <!-- checkIn -->
  <testcase classname="tests.CRUDTests" name="editNewItem" time="0.0">
    <skipped/>
  </testcase> <!-- editNewItem -->
  <testcase classname="tests.CRUDTests" name="cloneItem" time="0.0">
    <skipped/>
  </testcase> <!-- cloneItem -->
  <testcase classname="tests.CRUDTests" name="deleteClonedItem" time="0.0">
    <skipped/>
  </testcase> <!-- deleteClonedItem -->
  <testcase classname="tests.CRUDTests" name="deleteItem" time="0.0">
    <skipped/>
  </testcase> <!-- deleteItem -->
  <testcase classname="tests.LocationTests" name="addNewLocation" time="0.0">
    <skipped/>
  </testcase> <!-- addNewLocation -->
  <testcase classname="tests.LocationTests" name="editLocation" time="0.0">
    <skipped/>
  </testcase> <!-- editLocation -->
  <testcase classname="tests.LocationTests" name="deleteLocation" time="0.0">
    <skipped/>
  </testcase> <!-- deleteLocation -->
  <testcase classname="tests.AccessGroupTests" name="addAccessGroup" time="0.0">
    <skipped/>
  </testcase> <!-- addAccessGroup -->
  <testcase classname="tests.AccessGroupTests" name="editAccessGroup" time="0.0">
    <skipped/>
  </testcase> <!-- editAccessGroup -->
  <testcase classname="tests.AccessGroupTests" name="deleteAccessGroup" time="0.0">
    <skipped/>
  </testcase> <!-- deleteAccessGroup -->
</testsuite> <!-- RegressionSuite -->
